<?xml version="1.0" encoding="UTF-8"?>
<!-- Generated by org.testng.reporters.JUnitReportReporter -->
<testsuite hostname="Thriveni" failures="0" tests="1" name="contactTests.ToCreateContactWithOrgTest" time="26.264" errors="0" timestamp="2025-04-03T10:37:37 IST" skipped="0">
  <testcase classname="contactTests.ToCreateContactWithOrgTest" name="toCreateContactwithOrgname_002" time="26.264"/>
  <system-out/>
</testsuite> <!-- contactTests.ToCreateContactWithOrgTest -->
