<?xml version="1.0" encoding="UTF-8"?>
<!-- Generated by org.testng.reporters.JUnitReportReporter -->
<testsuite hostname="Thriveni" failures="0" tests="1" name="organizationTests.ToCreateOrgTest" time="24.282" errors="0" timestamp="2025-04-03T10:37:37 IST" skipped="0">
  <testcase classname="organizationTests.ToCreateOrgTest" name="tocreateOrgnameTest_003" time="24.282"/>
  <system-out/>
</testsuite> <!-- organizationTests.ToCreateOrgTest -->
