<?xml version="1.0" encoding="UTF-8"?>
<!-- Generated by org.testng.reporters.JUnitReportReporter -->
<testsuite hostname="Thriveni" failures="0" tests="1" name="organizationTests.ToCreateOrgWithIndustryTest" time="23.811" errors="0" timestamp="2025-04-03T10:37:37 IST" skipped="0">
  <testcase classname="organizationTests.ToCreateOrgWithIndustryTest" name="toCreateOrgWithIndustry_004" time="23.811"/>
  <system-out/>
</testsuite> <!-- organizationTests.ToCreateOrgWithIndustryTest -->
